
Bookモデルのテスト
  バリデーションのテスト
    titleカラム
[32m      空欄でないこと[0m
    bodyカラム
[32m      空欄でないこと[0m
[32m      200文字以下であること: 200文字は〇[0m
[32m      200文字以下であること: 201文字は×[0m
  アソシエーションのテスト
    Userモデルとの関係
[32m      N:1となっている[0m

Userモデルのテスト
  バリデーションのテスト
    nameカラム
[32m      空欄でないこと[0m
[32m      2文字以上であること: 1文字は×[0m
[32m      2文字以上であること: 2文字は〇[0m
[32m      20文字以下であること: 20文字は〇[0m
[32m      20文字以下であること: 21文字は×[0m
[32m      一意性があること[0m
    introductionカラム
[32m      50文字以下であること: 50文字は〇[0m
[32m      50文字以下であること: 51文字は×[0m
  アソシエーションのテスト
    Bookモデルとの関係
[32m      1:Nとなっている[0m

[STEP1] ユーザログイン前のテスト
  トップ画面のテスト
    表示内容の確認
[32m      URLが正しい[0m
[31m      Log inリンクが表示される: 左上から5番目のリンクが「Log in」である (FAILED - 1)[0m
[31m      Log inリンクの内容が正しい (FAILED - 2)[0m
[31m      Sign Upリンクが表示される: 左上から6番目のリンクが「Sign Up」である (FAILED - 3)[0m
[31m      Sign Upリンクの内容が正しい (FAILED - 4)[0m
  アバウト画面のテスト
    表示内容の確認
[31m      URLが正しい (FAILED - 5)[0m
  ヘッダーのテスト: ログインしていない場合
    表示内容の確認
[32m      タイトルが表示される[0m
[31m      Homeリンクが表示される: 左上から1番目のリンクが「Home」である (FAILED - 6)[0m
[31m      Aboutリンクが表示される: 左上から2番目のリンクが「About」である (FAILED - 7)[0m
[31m      sign upリンクが表示される: 左上から3番目のリンクが「sign up」である (FAILED - 8)[0m
[31m      loginリンクが表示される: 左上から4番目のリンクが「login」である (FAILED - 9)[0m
    リンクの内容を確認
[31m      Homeを押すと、トップ画面に遷移する (FAILED - 10)[0m
[31m      Aboutを押すと、アバウト画面に遷移する (FAILED - 11)[0m
[31m      sign upを押すと、新規登録画面に遷移する (FAILED - 12)[0m
[31m      loginを押すと、ログイン画面に遷移する (FAILED - 13)[0m
  ユーザ新規登録のテスト
    表示内容の確認
[32m      URLが正しい[0m
[32m      「Sign up」と表示される[0m
[32m      nameフォームが表示される[0m
[32m      emailフォームが表示される[0m
[32m      passwordフォームが表示される[0m
[32m      password_confirmationフォームが表示される[0m
[32m      Sign upボタンが表示される[0m
    新規登録成功のテスト
[32m      正しく新規登録される[0m
[32m      新規登録後のリダイレクト先が、新規登録できたユーザの詳細画面になっている[0m
  ユーザログイン
    表示内容の確認
[32m      URLが正しい[0m
[32m      「Log in」と表示される[0m
[32m      nameフォームが表示される[0m
[32m      passwordフォームが表示される[0m
[32m      Log inボタンが表示される[0m
[32m      emailフォームは表示されない[0m
    ログイン成功のテスト
[32m      ログイン後のリダイレクト先が、ログインしたユーザの詳細画面になっている[0m
    ログイン失敗のテスト
[32m      ログインに失敗し、ログイン画面にリダイレクトされる[0m
  ヘッダーのテスト: ログインしている場合
    ヘッダーの表示を確認
[31m      タイトルが表示される (FAILED - 14)[0m
[31m      Homeリンクが表示される: 左上から1番目のリンクが「Home」である (FAILED - 15)[0m
[31m      Usersリンクが表示される: 左上から2番目のリンクが「Users」である (FAILED - 16)[0m
[31m      Booksリンクが表示される: 左上から3番目のリンクが「Books」である (FAILED - 17)[0m
[31m      log outリンクが表示される: 左上から4番目のリンクが「logout」である (FAILED - 18)[0m
  ユーザログアウトのテスト
    ログアウト機能のテスト
[31m      正しくログアウトできている: ログアウト後のリダイレクト先においてAbout画面へのリンクが存在する (FAILED - 19)[0m
[31m      ログアウト後のリダイレクト先が、トップになっている (FAILED - 20)[0m

[STEP2] ユーザログイン後のテスト
  ヘッダーのテスト: ログインしている場合
    リンクの内容を確認: ※logoutは『ユーザログアウトのテスト』でテスト済みになります。
[31m      Homeを押すと、自分のユーザ詳細画面に遷移する (FAILED - 21)[0m
[31m      Usersを押すと、ユーザ一覧画面に遷移する (FAILED - 22)[0m
[32m      Booksを押すと、投稿一覧画面に遷移する[0m
  投稿一覧画面のテスト
    表示内容の確認
[32m      URLが正しい[0m
[31m      自分と他人の画像のリンク先が正しい (FAILED - 23)[0m
[31m      自分の投稿と他人の投稿のタイトルのリンク先がそれぞれ正しい (FAILED - 24)[0m
[32m      自分の投稿と他人の投稿のオピニオンが表示される[0m
    サイドバーの確認
[32m      自分の名前と紹介文が表示される[0m
[32m      自分のユーザ編集画面へのリンクが存在する[0m
[31m      「New book」と表示される (FAILED - 25)[0m
[32m      titleフォームが表示される[0m
[32m      titleフォームに値が入っていない[0m
[32m      opinionフォームが表示される[0m
[32m      opinionフォームに値が入っていない[0m
[32m      Create Bookボタンが表示される[0m
    投稿成功のテスト
[32m      自分の新しい投稿が正しく保存される[0m
[31m      リダイレクト先が、保存できた投稿の詳細画面になっている (FAILED - 26)[0m
  自分の投稿詳細画面のテスト
    表示内容の確認
[32m      URLが正しい[0m
[31m      「Book detail」と表示される (FAILED - 27)[0m
[31m      ユーザ画像・名前のリンク先が正しい (FAILED - 28)[0m
[32m      投稿のtitleが表示される[0m
[32m      投稿のopinionが表示される[0m
[31m      投稿の編集リンクが表示される (FAILED - 29)[0m
[31m      投稿の削除リンクが表示される (FAILED - 30)[0m
    サイドバーの確認
[32m      自分の名前と紹介文が表示される[0m
[32m      自分のユーザ編集画面へのリンクが存在する[0m
[31m      「New book」と表示される (FAILED - 31)[0m
[32m      titleフォームが表示される[0m
[32m      titleフォームに値が入っていない[0m
[32m      opinionフォームが表示される[
[32m      opinionフォームに値が入っていない[0m
[32m      Create Bookボタンが表示される[0m
    投稿成功のテスト
[32m      自分の新しい投稿が正しく保存される[0m
    編集リンクのテスト
[31m      編集画面に遷移する (FAILED - 32)[0m
    削除リンクのテスト
[31m      正しく削除される (FAILED - 33)[0m
[31m      リダイレクト先が、投稿一覧画面になっている (FAILED - 34)[0m
  自分の投稿編集画面のテスト
    表示の確認
[32m      URLが正しい[0m
[32m      「Editing Book」と表示される[0m
[32m      title編集フォームが表示される[0m
[32m      opinion編集フォームが表示される[0m
[32m      Update Bookボタンが表示される[0m
[32m      Showリンクが表示される[0m
[31m      Backリンクが表示される (FAILED - 35)[0m
    編集成功のテスト
[32m      titleが正しく更新される[0m
[32m      bodyが正しく更新される[0m
[31m      リダイレクト先が、更新した投稿の詳細画面になっている (FAILED - 36)[0m
  ユーザ一覧画面のテスト
    表示内容の確認
[32m      URLが正しい[0m
[32m      自分と他人の画像が表示される: fallbackの画像がサイドバーの1つ＋一覧(2人)の2つの計3つ存在する[0m
[32m      自分と他人の名前がそれぞれ表示される[0m
[31m      自分と他人のshowリンクがそれぞれ表示される (FAILED - 37)[0m
    サイドバーの確認
[32m      自分の名前と紹介文が表示される[0m
[32m      自分のユーザ編集画面へのリンクが存在する[0m
[31m      「New book」と表示される (FAILED - 38)[0m
[32m      titleフォームが表示される[0m
[32m      titleフォームに値が入っていない[0m
[32m      opinionフォームが表示される[0m
[32m      opinionフォームに値が入っていない[0m
[32m      Create Bookボタンが表示される[0m
  自分のユーザ詳細画面のテスト
    表示の確認
[32m      URLが正しい[0m
[31m      投稿一覧のユーザ画像のリンク先が正しい (FAILED - 39)[0m
[31m      投稿一覧に自分の投稿のtitleが表示され、リンクが正しい (FAILED - 40)[0m
[32m      投稿一覧に自分の投稿のopinionが表示される[0m
[32m      他人の投稿は表示されない[0m
    サイドバーの確認
[32m      自分の名前と紹介文が表示される[0m
[32m      自分のユーザ編集画面へのリンクが存在する[0m
[31m      「New book」と表示される (FAILED - 41)[0m
[32m      titleフォームが表示される[0m
[32m      titleフォームに値が入っていない[0m
[32m      opinionフォームが表示される[0m
[32m      opinionフォームに値が入っていない[0m
[32m      Create Bookボタンが表示される[0m
  自分のユーザ情報編集画面のテスト
    表示の確認
[32m      URLが正しい[0m
[32m      名前編集フォームに自分の名前が表示される[0m
[32m      画像編集フォームが表示される[0m
[32m      自己紹介編集フォームに自分の自己紹介文が表示される[0m
[32m      Update Userボタンが表示される[0m
    更新成功のテスト
[32m      nameが正しく更新される[0m
[32m      introductionが正しく更新される[0m
[32m      リダイレクト先が、自分のユーザ詳細画面になっている[0m

[STEP3] 仕上げのテスト
  サクセスメッセージのテスト
[31m    ユーザ新規登録成功時 (FAILED - 42)[0m
[31m    ユーザログイン成功時 (FAILED - 43)[0m
[31m    ユーザログアウト成功時 (FAILED - 44)[0m
[31m    ユーザのプロフィール情報更新成功時 (FAILED - 45)[0m
[31m    投稿データの新規投稿成功時: 投稿一覧画面から行います。 (FAILED - 46)[0m
[31m    投稿データの更新成功時 (FAILED - 47)[0m
  処理失敗時のテスト
    ユーザ新規登録失敗: nameを1文字にする
[32m      新規登録されない[0m
[32m      新規登録画面を表示しており、フォームの内容が正しい[0m
[32m      バリデーションエラーが表示される[0m
    ユーザのプロフィール情報編集失敗: nameを1文字にする
[32m      更新されない[0m
[32m      ユーザ編集画面を表示しており、フォームの内容が正しい[0m
[32m      バリデーションエラーが表示される[0m
    投稿データの新規投稿失敗: 投稿一覧画面から行い、titleを空にする
[32m      投稿が保存されない[0m
[32m      投稿一覧画面を表示している[0m
[32m      新規投稿フォームの内容が正しい[0m
[32m      バリデーションエラーが表示される[0m
    投稿データの更新失敗: titleを空にする
[32m      投稿が更新されない[0m
[32m      投稿編集画面を表示しており、フォームの内容が正しい[0m
[32m      エラーメッセージが表示される[0m
  ログインしていない場合のアクセス制限のテスト: アクセスできず、ログイン画面に遷移する
[32m    ユーザ一覧画面[0m
[32m    ユーザ詳細画面[0m
[32m    ユーザ情報編集画面[0m
[32m    投稿一覧画面[0m
[32m    投稿詳細画面[0m
[32m    投稿編集画面[0m
  他人の画面のテスト
    他人の投稿詳細画面のテスト
      表示内容の確認
[32m        URLが正しい[0m
[31m        「Book detail」と表示される (FAILED - 48)[0m
[31m        ユーザ画像・名前のリンク先が正しい (FAILED - 49)[0m
[32m        投稿のtitleが表示される[0m
[32m        投稿のopinionが表示される[0m
[32m        投稿の編集リンクが表示されない[0m
[32m        投稿の削除リンクが表示されない[0m
      サイドバーの確認
[31m        他人の名前と紹介文が表示される (FAILED - 50)[0m
[31m        他人のユーザ編集画面へのリンクが存在する (FAILED - 51)[0m
[31m        自分の名前と紹介文は表示されない (FAILED - 52)[0m
[31m        自分のユーザ編集画面へのリンクは存在しない (FAILED - 53)[0m
    他人の投稿編集画面
[31m      遷移できず、投稿一覧画面にリダイレクトされる (FAILED - 54)[0m
    他人のユーザ詳細画面のテスト
      表示の確認
[32m        URLが正しい[0m
[31m        投稿一覧のユーザ画像のリンク先が正しい (FAILED - 55)[0m
[31m        投稿一覧に他人の投稿のtitleが表示され、リンクが正しい (FAILED - 56)[0m
[32m        投稿一覧に他人の投稿のopinionが表示される[0m
[32m        自分の投稿は表示されない[0m
      サイドバーの確認
[32m        他人の名前と紹介文が表示される[0m
[32m        他人のユーザ編集画面へのリンクが存在する[0m
[32m        自分の名前と紹介文は表示されない[0m
[32m        自分のユーザ編集画面へのリンクは存在しない[0m
    他人のユーザ情報編集画面
[31m      遷移できず、自分のユーザ詳細画面にリダイレクトされる (FAILED - 57)[0m
  グリッドシステムのテスト: container, row, col-md-〇を正しく使えている
[31m    ユーザ一覧画面 (FAILED - 58)[0m
[31m    ユーザ詳細画面 (FAILED - 59)[0m
[31m    投稿一覧画面 (FAILED - 60)[0m
[31m    投稿詳細画面 (FAILED - 61)[0m
  アイコンのテスト
    トップ画面
[32m      本のアイコンが表示される[0m
    アバウト画面
[31m      本のアイコンが表示される (FAILED - 62)[0m
    ヘッダー: ログインしていない場合
[31m      Homeリンクのアイコンが表示される (FAILED - 63)[0m
[31m      Aboutリンクのアイコンが表示される (FAILED - 64)[0m
[31m      sign upリンクのアイコンが表示される (FAILED - 65)[0m
[31m      loginリンクのアイコンが表示される (FAILED - 66)[0m
    ヘッダー: ログインしている場合
[31m      Homeリンクのアイコンが表示される (FAILED - 67)[0m
[31m      Usersリンクのアイコンが表示される (FAILED - 68)[0m
[31m      Booksリンクのアイコンが表示される (FAILED - 69)[0m
[31m      log outリンクのアイコンが表示される (FAILED - 70)[0m
    サイドバー
[32m      ユーザ一覧画面でレンチアイコンが表示される[0m
[32m      ユーザ詳細画面でレンチアイコンが表示される[0m
[32m      投稿一覧画面でレンチアイコンが表示される[0m
[32m      投稿詳細画面でレンチアイコンが表示される[0m

Failures:

  1) [STEP1] ユーザログイン前のテスト トップ画面のテスト 表示内容の確認 Log inリンクが表示される: 左上から5番目のリンクが「Log in」である
     [31mFailure/Error: log_in_link = find_all('a')[5].native.inner_text[0m
     [31m[0m
     [31mNoMethodError:[0m
     [31m  undefined method `native' for nil:NilClass[0m
     [36m# ./spec/system/01_before_login_spec.rb:14:in `block (4 levels) in <main>'[0m

  2) [STEP1] ユーザログイン前のテスト トップ画面のテスト 表示内容の確認 Log inリンクの内容が正しい
     [31mFailure/Error: log_in_link = find_all('a')[5].native.inner_text[0m
     [31m[0m
     [31mNoMethodError:[0m
     [31m  undefined method `native' for nil:NilClass[0m
     [36m# ./spec/system/01_before_login_spec.rb:18:in `block (4 levels) in <main>'[0m

  3) [STEP1] ユーザログイン前のテスト トップ画面のテスト 表示内容の確認 Sign Upリンクが表示される: 左上から6番目のリンクが「Sign Up」である
     [31mFailure/Error: sign_up_link = find_all('a')[6].native.inner_text[0m
     [31m[0m
     [31mNoMethodError:[0m
     [31m  undefined method `native' for nil:NilClass[0m
     [36m# ./spec/system/01_before_login_spec.rb:22:in `block (4 levels) in <main>'[0m

  4) [STEP1] ユーザログイン前のテスト トップ画面のテスト 表示内容の確認 Sign Upリンクの内容が正しい
     [31mFailure/Error: sign_up_link = find_all('a')[6].native.inner_text[0m
     [31m[0m
     [31mNoMethodError:[0m
     [31m  undefined method `native' for nil:NilClass[0m
     [36m# ./spec/system/01_before_login_spec.rb:26:in `block (4 levels) in <main>'[0m

  5) [STEP1] ユーザログイン前のテスト アバウト画面のテスト 表示内容の確認 URLが正しい
     [31mFailure/Error: visit '/home/about'[0m
     [31m[0m
     [31mActionController::RoutingError:[0m
     [31m  uninitialized constant HomeController[0m
     [36m# /home/ec2-user/.rvm/gems/ruby-2.6.3/gems/warden-1.2.9/lib/warden/manager.rb:36:in `block in call'[0m
     [36m# /home/ec2-user/.rvm/gems/ruby-2.6.3/gems/warden-1.2.9/lib/warden/manager.rb:34:in `catch'[0m
     [36m# /home/ec2-user/.rvm/gems/ruby-2.6.3/gems/warden-1.2.9/lib/warden/manager.rb:34:in `call'[0m
     [36m# /home/ec2-user/.rvm/gems/ruby-2.6.3/gems/rack-2.2.3/lib/rack/tempfile_reaper.rb:15:in `call'[0m
     [36m# /home/ec2-user/.rvm/gems/ruby-2.6.3/gems/rack-2.2.3/lib/rack/etag.rb:27:in `call'[0m
     [36m# /home/ec2-user/.rvm/gems/ruby-2.6.3/gems/rack-2.2.3/lib/rack/conditional_get.rb:27:in `call'[0m
     [36m# /home/ec2-user/.rvm/gems/ruby-2.6.3/gems/rack-2.2.3/lib/rack/head.rb:12:in `call'[0m
     [36m# /home/ec2-user/.rvm/gems/ruby-2.6.3/gems/rack-2.2.3/lib/rack/session/abstract/id.rb:266:in `context'[0m
     [36m# /home/ec2-user/.rvm/gems/ruby-2.6.3/gems/rack-2.2.3/lib/rack/session/abstract/id.rb:260:in `call'[0m
     [36m# /home/ec2-user/.rvm/gems/ruby-2.6.3/gems/railties-5.2.6/lib/rails/rack/logger.rb:38:in `call_app'[0m
     [36m# /home/ec2-user/.rvm/gems/ruby-2.6.3/gems/railties-5.2.6/lib/rails/rack/logger.rb:26:in `block in call'[0m
     [36m# /home/ec2-user/.rvm/gems/ruby-2.6.3/gems/railties-5.2.6/lib/rails/rack/logger.rb:26:in `call'[0m
     [36m# /home/ec2-user/.rvm/gems/ruby-2.6.3/gems/rack-2.2.3/lib/rack/method_override.rb:24:in `call'[0m
     [36m# /home/ec2-user/.rvm/gems/ruby-2.6.3/gems/rack-2.2.3/lib/rack/runtime.rb:22:in `call'[0m
     [36m# /home/ec2-user/.rvm/gems/ruby-2.6.3/gems/rack-2.2.3/lib/rack/sendfile.rb:110:in `call'[0m
     [36m# /home/ec2-user/.rvm/gems/ruby-2.6.3/gems/railties-5.2.6/lib/rails/engine.rb:524:in `call'[0m
     [36m# /home/ec2-user/.rvm/gems/ruby-2.6.3/gems/rack-2.2.3/lib/rack/urlmap.rb:74:in `block in call'[0m
     [36m# /home/ec2-user/.rvm/gems/ruby-2.6.3/gems/rack-2.2.3/lib/rack/urlmap.rb:58:in `each'[0m
     [36m# /home/ec2-user/.rvm/gems/ruby-2.6.3/gems/rack-2.2.3/lib/rack/urlmap.rb:58:in `call'[0m
     [36m# /home/ec2-user/.rvm/gems/ruby-2.6.3/gems/rack-2.2.3/lib/rack/builder.rb:244:in `call'[0m
     [36m# /home/ec2-user/.rvm/gems/ruby-2.6.3/gems/rack-test-1.1.0/lib/rack/mock_session.rb:29:in `request'[0m
     [36m# /home/ec2-user/.rvm/gems/ruby-2.6.3/gems/rack-test-1.1.0/lib/rack/test.rb:266:in `process_request'[0m
     [36m# /home/ec2-user/.rvm/gems/ruby-2.6.3/gems/rack-test-1.1.0/lib/rack/test.rb:129:in `custom_request'[0m
     [36m# /home/ec2-user/.rvm/gems/ruby-2.6.3/gems/rack-test-1.1.0/lib/rack/test.rb:58:in `get'[0m
     [36m# /home/ec2-user/.rvm/gems/ruby-2.6.3/gems/capybara-3.35.3/lib/capybara/rack_test/browser.rb:72:in `process'[0m
     [36m# /home/ec2-user/.rvm/gems/ruby-2.6.3/gems/capybara-3.35.3/lib/capybara/rack_test/browser.rb:47:in `process_and_follow_redirects'[0m
     [36m# /home/ec2-user/.rvm/gems/ruby-2.6.3/gems/capybara-3.35.3/lib/capybara/rack_test/browser.rb:24:in `visit'[0m
     [36m# /home/ec2-user/.rvm/gems/ruby-2.6.3/gems/capybara-3.35.3/lib/capybara/rack_test/driver.rb:46:in `visit'[0m
     [36m# /home/ec2-user/.rvm/gems/ruby-2.6.3/gems/capybara-3.35.3/lib/capybara/session.rb:278:in `visit'[0m
     [36m# /home/ec2-user/.rvm/gems/ruby-2.6.3/gems/capybara-3.35.3/lib/capybara/dsl.rb:58:in `block (2 levels) in <module:DSL>'[0m
     [36m# ./spec/system/01_before_login_spec.rb:34:in `block (3 levels) in <main>'[0m
     [36m# ------------------[0m
     [36m# --- Caused by: ---[0m
     [36m# NameError:[0m
     [36m#   uninitialized constant HomeController[0m
     [36m#   /home/ec2-user/.rvm/gems/ruby-2.6.3/gems/warden-1.2.9/lib/warden/manager.rb:36:in `block in call'[0m

  6) [STEP1] ユーザログイン前のテスト ヘッダーのテスト: ログインしていない場合 表示内容の確認 Homeリンクが表示される: 左上から1番目のリンクが「Home」である
     [31mFailure/Error: expect(home_link).to match(/home/i)[0m
     [31m[0m
     [31m  expected "Sign Up" to match /home/i[0m
     [31m  Diff:[0m[0m
     [31m  [0m[34m@@ -1 +1 @@[0m
     [31m  [0m[31m-/home/i[0m
     [31m  [0m[32m+"Sign Up"[0m
     [31m  [0m[0m
     [36m# ./spec/system/01_before_login_spec.rb:55:in `block (4 levels) in <main>'[0m

  7) [STEP1] ユーザログイン前のテスト ヘッダーのテスト: ログインしていない場合 表示内容の確認 Aboutリンクが表示される: 左上から2番目のリンクが「About」である
     [31mFailure/Error: about_link = find_all('a')[2].native.inner_text[0m
     [31m[0m
     [31mNoMethodError:[0m
     [31m  undefined method `native' for nil:NilClass[0m
     [36m# ./spec/system/01_before_login_spec.rb:58:in `block (4 levels) in <main>'[0m

  8) [STEP1] ユーザログイン前のテスト ヘッダーのテスト: ログインしていない場合 表示内容の確認 sign upリンクが表示される: 左上から3番目のリンクが「sign up」である
     [31mFailure/Error: signup_link = find_all('a')[3].native.inner_text[0m
     [31m[0m
     [31mNoMethodError:[0m
     [31m  undefined method `native' for nil:NilClass[0m
     [36m# ./spec/system/01_before_login_spec.rb:62:in `block (4 levels) in <main>'[0m

  9) [STEP1] ユーザログイン前のテスト ヘッダーのテスト: ログインしていない場合 表示内容の確認 loginリンクが表示される: 左上から4番目のリンクが「login」である
     [31mFailure/Error: login_link = find_all('a')[4].native.inner_text[0m
     [31m[0m
     [31mNoMethodError:[0m
     [31m  undefined method `native' for nil:NilClass[0m
     [36m# ./spec/system/01_before_login_spec.rb:66:in `block (4 levels) in <main>'[0m

  10) [STEP1] ユーザログイン前のテスト ヘッダーのテスト: ログインしていない場合 リンクの内容を確認 Homeを押すと、トップ画面に遷移する
      [31mFailure/Error: click_link home_link[0m
      [31m[0m
      [31mCapybara::ElementNotFound:[0m
      [31m  Unable to find link "SignUp"[0m
      [36m# /home/ec2-user/.rvm/gems/ruby-2.6.3/gems/capybara-3.35.3/lib/capybara/node/finders.rb:303:in `block in synced_resolve'[0m
      [36m# /home/ec2-user/.rvm/gems/ruby-2.6.3/gems/capybara-3.35.3/lib/capybara/node/base.rb:83:in `synchronize'[0m
      [36m# /home/ec2-user/.rvm/gems/ruby-2.6.3/gems/capybara-3.35.3/lib/capybara/node/finders.rb:292:in `synced_resolve'[0m
      [36m# /home/ec2-user/.rvm/gems/ruby-2.6.3/gems/capybara-3.35.3/lib/capybara/node/finders.rb:53:in `find'[0m
      [36m# /home/ec2-user/.rvm/gems/ruby-2.6.3/gems/capybara-3.35.3/lib/capybara/node/actions.rb:42:in `click_link'[0m
      [36m# /home/ec2-user/.rvm/gems/ruby-2.6.3/gems/capybara-3.35.3/lib/capybara/session.rb:768:in `block (2 levels) in <class:Session>'[0m
      [36m# /home/ec2-user/.rvm/gems/ruby-2.6.3/gems/capybara-3.35.3/lib/capybara/dsl.rb:58:in `block (2 levels) in <module:DSL>'[0m
      [36m# ./spec/system/01_before_login_spec.rb:78:in `block (4 levels) in <main>'[0m

  11) [STEP1] ユーザログイン前のテスト ヘッダーのテスト: ログインしていない場合 リンクの内容を確認 Aboutを押すと、アバウト画面に遷移する
      [31mFailure/Error: about_link = find_all('a')[2].native.inner_text[0m
      [31m[0m
      [31mNoMethodError:[0m
      [31m  undefined method `native' for nil:NilClass[0m
      [36m# ./spec/system/01_before_login_spec.rb:82:in `block (4 levels) in <main>'[0m

  12) [STEP1] ユーザログイン前のテスト ヘッダーのテスト: ログインしていない場合 リンクの内容を確認 sign upを押すと、新規登録画面に遷移する
      [31mFailure/Error: signup_link = find_all('a')[3].native.inner_text[0m
      [31m[0m
      [31mNoMethodError:[0m
      [31m  undefined method `native' for nil:NilClass[0m
      [36m# ./spec/system/01_before_login_spec.rb:88:in `block (4 levels) in <main>'[0m

  13) [STEP1] ユーザログイン前のテスト ヘッダーのテスト: ログインしていない場合 リンクの内容を確認 loginを押すと、ログイン画面に遷移する
      [31mFailure/Error: login_link = find_all('a')[4].native.inner_text[0m
      [31m[0m
      [31mNoMethodError:[0m
      [31m  undefined method `native' for nil:NilClass[0m
      [36m# ./spec/system/01_before_login_spec.rb:94:in `block (4 levels) in <main>'[0m

  14) [STEP1] ユーザログイン前のテスト ヘッダーのテスト: ログインしている場合 ヘッダーの表示を確認 タイトルが表示される
      [31mFailure/Error: expect(page).to have_content 'Bookers'[0m
      [31m  expected to find text "Bookers" in "User info\nname v0ygr1xtyb introduction yjn1qjb6ka1qm8f0tzgg\nNew Book\nTitle\nOpinion\nBooks\nTitle Opinion\nCopyRight Infratop.inc". (However, it was found 2 times including non-visible text.)[0m
      [36m# ./spec/system/01_before_login_spec.rb:214:in `block (4 levels) in <main>'[0m

  15) [STEP1] ユーザログイン前のテスト ヘッダーのテスト: ログインしている場合 ヘッダーの表示を確認 Homeリンクが表示される: 左上から1番目のリンクが「Home」である
      [31mFailure/Error: home_link = find_all('a')[1].native.inner_text[0m
      [31m[0m
      [31mNoMethodError:[0m
      [31m  undefined method `native' for nil:NilClass[0m
      [36m# ./spec/system/01_before_login_spec.rb:217:in `block (4 levels) in <main>'[0m

  16) [STEP1] ユーザログイン前のテスト ヘッダーのテスト: ログインしている場合 ヘッダーの表示を確認 Usersリンクが表示される: 左上から2番目のリンクが「Users」である
      [31mFailure/Error: users_link = find_all('a')[2].native.inner_text[0m
      [31m[0m
      [31mNoMethodError:[0m
      [31m  undefined method `native' for nil:NilClass[0m
      [36m# ./spec/system/01_before_login_spec.rb:221:in `block (4 levels) in <main>'[0m

  17) [STEP1] ユーザログイン前のテスト ヘッダーのテスト: ログインしている場合 ヘッダーの表示を確認 Booksリンクが表示される: 左上から3番目のリンクが「Books」である
      [31mFailure/Error: books_link = find_all('a')[3].native.inner_text[0m
      [31m[0m
      [31mNoMethodError:[0m
      [31m  undefined method `native' for nil:NilClass[0m
      [36m# ./spec/system/01_before_login_spec.rb:225:in `block (4 levels) in <main>'[0m

  18) [STEP1] ユーザログイン前のテスト ヘッダーのテスト: ログインしている場合 ヘッダーの表示を確認 log outリンクが表示される: 左上から4番目のリンクが「logout」である
      [31mFailure/Error: logout_link = find_all('a')[4].native.inner_text[0m
      [31m[0m
      [31mNoMethodError:[0m
      [31m  undefined method `native' for nil:NilClass[0m
      [36m# ./spec/system/01_before_login_spec.rb:229:in `block (4 levels) in <main>'[0m

  19) [STEP1] ユーザログイン前のテスト ユーザログアウトのテスト ログアウト機能のテスト 正しくログアウトできている: ログアウト後のリダイレクト先においてAbout画面へのリンクが存在する
      [31mFailure/Error: logout_link = find_all('a')[4].native.inner_text[0m
      [31m[0m
      [31mNoMethodError:[0m
      [31m  undefined method `native' for nil:NilClass[0m
      [36m# ./spec/system/01_before_login_spec.rb:243:in `block (3 levels) in <main>'[0m

  20) [STEP1] ユーザログイン前のテスト ユーザログアウトのテスト ログアウト機能のテスト ログアウト後のリダイレクト先が、トップになっている
      [31mFailure/Error: logout_link = find_all('a')[4].native.inner_text[0m
      [31m[0m
      [31mNoMethodError:[0m
      [31m  undefined method `native' for nil:NilClass[0m
      [36m# ./spec/system/01_before_login_spec.rb:243:in `block (3 levels) in <main>'[0m

  21) [STEP2] ユーザログイン後のテスト ヘッダーのテスト: ログインしている場合 リンクの内容を確認: ※logoutは『ユーザログアウトのテスト』でテスト済みになります。 Homeを押すと、自分のユーザ詳細画面に遷移する
      [31mFailure/Error: is_expected.to eq '/users/' + user.id.to_s[0m
      [31m[0m
      [31m  expected: "/users/2"[0m
      [31m       got: "/books/2"[0m
      [31m[0m
      [31m  (compared using ==)[0m
      [36m# ./spec/system/02_after_login_spec.rb:24:in `block (4 levels) in <main>'[0m

  22) [STEP2] ユーザログイン後のテスト ヘッダーのテスト: ログインしている場合 リンクの内容を確認: ※logoutは『ユーザログアウトのテスト』でテスト済みになります。 Usersを押すと、ユーザ一覧画面に遷移する
      [31mFailure/Error: is_expected.to eq '/users'[0m
      [31m[0m
      [31m  expected: "/users"[0m
      [31m       got: "/books/1/edit"[0m
      [31m[0m
      [31m  (compared using ==)[0m
      [36m# ./spec/system/02_after_login_spec.rb:30:in `block (4 levels) in <main>'[0m

  23) [STEP2] ユーザログイン後のテスト 投稿一覧画面のテスト 表示内容の確認 自分と他人の画像のリンク先が正しい
      [31mFailure/Error: expect(page).to have_link '', href: user_path(book.user)[0m
      [31m  expected to find visible link "" with href "/users/2" but there were no matches. Also found "", which matched the selector but not all filters. [0m
      [36m# ./spec/system/02_after_login_spec.rb:51:in `block (4 levels) in <main>'[0m

  24) [STEP2] ユーザログイン後のテスト 投稿一覧画面のテスト 表示内容の確認 自分の投稿と他人の投稿のタイトルのリンク先がそれぞれ正しい
      [31mFailure/Error: expect(page).to have_link book.title, href: book_path(book)[0m
      [31m  expected to find link "65ga1" with href "/books/1" but there were no matches[0m
      [36m# ./spec/system/02_after_login_spec.rb:55:in `block (4 levels) in <main>'[0m

  25) [STEP2] ユーザログイン後のテスト 投稿一覧画面のテスト サイドバーの確認 「New book」と表示される
      [31mFailure/Error: expect(page).to have_content 'New book'[0m
      [31m  expected to find text "New book" in "User info\nname wwjodisdjy introduction uszyvhszz9x5j54wv8ka\nNew Book\nTitle\nOpinion\nBooks\nTitle Opinion fvll8 mwke1n0ub2o8q69ghdnu qxxut 8kwqsle0voxomhqj8fjy\nCopyRight Infratop.inc". (However, it was found 1 time using a case insensitive search.)[0m
      [36m# ./spec/system/02_after_login_spec.rb:73:in `block (4 levels) in <main>'[0m

  26) [STEP2] ユーザログイン後のテスト 投稿一覧画面のテスト 投稿成功のテスト リダイレクト先が、保存できた投稿の詳細画面になっている
      [31mFailure/Error: expect(current_path).to eq '/books/' + Book.last.id.to_s[0m
      [31m[0m
      [31m  expected: "/books/3"[0m
      [31m       got: "/books"[0m
      [31m[0m
      [31m  (compared using ==)[0m
      [36m# ./spec/system/02_after_login_spec.rb:103:in `block (4 levels) in <main>'[0m

  27) [STEP2] ユーザログイン後のテスト 自分の投稿詳細画面のテスト 表示内容の確認 「Book detail」と表示される
      [31mFailure/Error: expect(page).to have_content 'Book detail'[0m
      [31m  expected to find text "Book detail" in "User info\nname z41j8puhc6 introduction o2yzkghvx56wnamddn4i\nNew Book\nTitle\nOpinion\nBooks detail\nTitle Opinion q3ku8 b2y6xbgzu136ijgnj9fh cfzrc dfmiieo7uj7k7o2q0bcy\nCopyRight Infratop.inc"[0m
      [36m# ./spec/system/02_after_login_spec.rb:118:in `block (4 levels) in <main>'[0m

  28) [STEP2] ユーザログイン後のテスト 自分の投稿詳細画面のテスト 表示内容の確認 ユーザ画像・名前のリンク先が正しい
      [31mFailure/Error: expect(page).to have_link book.user.name, href: user_path(book.user)[0m
      [31m  expected to find link "jl1yl5m2rf" with href "/users/2" but there were no matches[0m
      [36m# ./spec/system/02_after_login_spec.rb:121:in `block (4 levels) in <main>'[0m

  29) [STEP2] ユーザログイン後のテスト 自分の投稿詳細画面のテスト 表示内容の確認 投稿の編集リンクが表示される
      [31mFailure/Error: expect(page).to have_link 'Edit', href: edit_book_path(book)[0m
      [31m  expected to find link "Edit" with href "/books/1/edit" but there were no matches[0m
      [36m# ./spec/system/02_after_login_spec.rb:130:in `block (4 levels) in <main>'[0m

  30) [STEP2] ユーザログイン後のテスト 自分の投稿詳細画面のテスト 表示内容の確認 投稿の削除リンクが表示される
      [31mFailure/Error: expect(page).to have_link 'Destroy', href: book_path(book)[0m
      [31m  expected to find link "Destroy" with href "/books/1" but there were no matches[0m
      [36m# ./spec/system/02_after_login_spec.rb:133:in `block (4 levels) in <main>'[0m

  31) [STEP2] ユーザログイン後のテスト 自分の投稿詳細画面のテスト サイドバーの確認 「New book」と表示される
      [31mFailure/Error: expect(page).to have_content 'New book'[0m
      [31m  expected to find text "New book" in "User info\nname jjql7dj2t0 introduction wm8jlrvild7lek4u7nsc\nNew Book\nTitle\nOpinion\nBooks detail\nTitle Opinion ucbbc ppcgy5a5thymqdhv19ci mdr5o o13p1cmj4pn7olkcc0td\nCopyRight Infratop.inc". (However, it was found 1 time using a case insensitive search.)[0m
      [36m# ./spec/system/02_after_login_spec.rb:146:in `block (4 levels) in <main>'[0m

  32) [STEP2] ユーザログイン後のテスト 自分の投稿詳細画面のテスト 編集リンクのテスト 編集画面に遷移する
      [31mFailure/Error: click_link 'Edit'[0m
      [31m[0m
      [31mCapybara::ElementNotFound:[0m
      [31m  Unable to find link "Edit"[0m
      [36m# /home/ec2-user/.rvm/gems/ruby-2.6.3/gems/capybara-3.35.3/lib/capybara/node/finders.rb:303:in `block in synced_resolve'[0m
      [36m# /home/ec2-user/.rvm/gems/ruby-2.6.3/gems/capybara-3.35.3/lib/capybara/node/base.rb:83:in `synchronize'[0m
      [36m# /home/ec2-user/.rvm/gems/ruby-2.6.3/gems/capybara-3.35.3/lib/capybara/node/finders.rb:292:in `synced_resolve'[0m
      [36m# /home/ec2-user/.rvm/gems/ruby-2.6.3/gems/capybara-3.35.3/lib/capybara/node/finders.rb:53:in `find'[0m
      [36m# /home/ec2-user/.rvm/gems/ruby-2.6.3/gems/capybara-3.35.3/lib/capybara/node/actions.rb:42:in `click_link'[0m
      [36m# /home/ec2-user/.rvm/gems/ruby-2.6.3/gems/capybara-3.35.3/lib/capybara/session.rb:768:in `block (2 levels) in <class:Session>'[0m
      [36m# /home/ec2-user/.rvm/gems/ruby-2.6.3/gems/capybara-3.35.3/lib/capybara/dsl.rb:58:in `block (2 levels) in <module:DSL>'[0m
      [36m# ./spec/system/02_after_login_spec.rb:178:in `block (4 levels) in <main>'[0m

  33) [STEP2] ユーザログイン後のテスト 自分の投稿詳細画面のテスト 削除リンクのテスト 正しく削除される
      [31mFailure/Error: click_link 'Destroy'[0m
      [31m[0m
      [31mCapybara::ElementNotFound:[0m
      [31m  Unable to find link "Destroy"[0m
      [36m# /home/ec2-user/.rvm/gems/ruby-2.6.3/gems/capybara-3.35.3/lib/capybara/node/finders.rb:303:in `block in synced_resolve'[0m
      [36m# /home/ec2-user/.rvm/gems/ruby-2.6.3/gems/capybara-3.35.3/lib/capybara/node/base.rb:83:in `synchronize'[0m
      [36m# /home/ec2-user/.rvm/gems/ruby-2.6.3/gems/capybara-3.35.3/lib/capybara/node/finders.rb:292:in `synced_resolve'[0m
      [36m# /home/ec2-user/.rvm/gems/ruby-2.6.3/gems/capybara-3.35.3/lib/capybara/node/finders.rb:53:in `find'[0m
      [36m# /home/ec2-user/.rvm/gems/ruby-2.6.3/gems/capybara-3.35.3/lib/capybara/node/actions.rb:42:in `click_link'[0m
      [36m# /home/ec2-user/.rvm/gems/ruby-2.6.3/gems/capybara-3.35.3/lib/capybara/session.rb:768:in `block (2 levels) in <class:Session>'[0m
      [36m# /home/ec2-user/.rvm/gems/ruby-2.6.3/gems/capybara-3.35.3/lib/capybara/dsl.rb:58:in `block (2 levels) in <module:DSL>'[0m
      [36m# ./spec/system/02_after_login_spec.rb:185:in `block (4 levels) in <main>'[0m

  34) [STEP2] ユーザログイン後のテスト 自分の投稿詳細画面のテスト 削除リンクのテスト リダイレクト先が、投稿一覧画面になっている
      [31mFailure/Error: click_link 'Destroy'[0m
      [31m[0m
      [31mCapybara::ElementNotFound:[0m
      [31m  Unable to find link "Destroy"[0m
      [36m# /home/ec2-user/.rvm/gems/ruby-2.6.3/gems/capybara-3.35.3/lib/capybara/node/finders.rb:303:in `block in synced_resolve'[0m
      [36m# /home/ec2-user/.rvm/gems/ruby-2.6.3/gems/capybara-3.35.3/lib/capybara/node/base.rb:83:in `synchronize'[0m
      [36m# /home/ec2-user/.rvm/gems/ruby-2.6.3/gems/capybara-3.35.3/lib/capybara/node/finders.rb:292:in `synced_resolve'[0m
      [36m# /home/ec2-user/.rvm/gems/ruby-2.6.3/gems/capybara-3.35.3/lib/capybara/node/finders.rb:53:in `find'[0m
      [36m# /home/ec2-user/.rvm/gems/ruby-2.6.3/gems/capybara-3.35.3/lib/capybara/node/actions.rb:42:in `click_link'[0m
      [36m# /home/ec2-user/.rvm/gems/ruby-2.6.3/gems/capybara-3.35.3/lib/capybara/session.rb:768:in `block (2 levels) in <class:Session>'[0m
      [36m# /home/ec2-user/.rvm/gems/ruby-2.6.3/gems/capybara-3.35.3/lib/capybara/dsl.rb:58:in `block (2 levels) in <module:DSL>'[0m
      [36m# ./spec/system/02_after_login_spec.rb:185:in `block (4 levels) in <main>'[0m

  35) [STEP2] ユーザログイン後のテスト 自分の投稿編集画面のテスト 表示の確認 Backリンクが表示される
      [31mFailure/Error: expect(page).to have_link 'Back', href: books_path[0m
      [31m  expected to find link "Back" with href "/books" but there were no matches[0m
      [36m# ./spec/system/02_after_login_spec.rb:222:in `block (4 levels) in <main>'[0m

  36) [STEP2] ユーザログイン後のテスト 自分の投稿編集画面のテスト 編集成功のテスト リダイレクト先が、更新した投稿の詳細画面になっている
      [31mFailure/Error: expect(page).to have_content 'Book detail'[0m
      [31m  expected to find text "Book detail" in "User info\nname 0gv7kpfoe4 introduction kjnwfkc40zuxnd0jt3u2\nNew Book\nTitle\nOpinion\nBooks detail\nTitle Opinion i53o io6d3k0xqy5azqbr317 c7bnq 68jqsnqax3mu4t4le4o2\nCopyRight Infratop.inc"[0m
      [36m# ./spec/system/02_after_login_spec.rb:243:in `block (4 levels) in <main>'[0m

  37) [STEP2] ユーザログイン後のテスト ユーザ一覧画面のテスト 表示内容の確認 自分と他人のshowリンクがそれぞれ表示される
      [31mFailure/Error: expect(page).to have_link 'Show', href: user_path(other_user)[0m
      [31m  expected to find link "Show" with href "/users/1" but there were no matches[0m
      [36m# ./spec/system/02_after_login_spec.rb:266:in `block (4 levels) in <main>'[0m

  38) [STEP2] ユーザログイン後のテスト ユーザ一覧画面のテスト サイドバーの確認 「New book」と表示される
      [31mFailure/Error: expect(page).to have_content 'New book'[0m
      [31m  expected to find text "New book" in "User info\nname u56zmoj62n introduction xgqvvyvkavecqb3624p4\nNew Book\nTitle\nOpinion\nUsers\nimage name ij3n0x5ob4 Show u56zmoj62n Show\nCopyRight Infratop.inc". (However, it was found 1 time using a case insensitive search.)[0m
      [36m# ./spec/system/02_after_login_spec.rb:279:in `block (4 levels) in <main>'[0m

  39) [STEP2] ユーザログイン後のテスト 自分のユーザ詳細画面のテスト 表示の確認 投稿一覧のユーザ画像のリンク先が正しい
      [31mFailure/Error: expect(page).to have_link '', href: user_path(user)[0m
      [31m  expected to find visible link "" with href "/users/2" but there were no matches. Also found "", which matched the selector but not all filters. [0m
      [36m# ./spec/system/02_after_login_spec.rb:309:in `block (4 levels) in <main>'[0m

  40) [STEP2] ユーザログイン後のテスト 自分のユーザ詳細画面のテスト 表示の確認 投稿一覧に自分の投稿のtitleが表示され、リンクが正しい
      [31mFailure/Error: expect(page).to have_link book.title, href: book_path(book)[0m
      [31m  expected to find link "1425n" with href "/books/1" but there were no matches[0m
      [36m# ./spec/system/02_after_login_spec.rb:312:in `block (4 levels) in <main>'[0m

  41) [STEP2] ユーザログイン後のテスト 自分のユーザ詳細画面のテスト サイドバーの確認 「New book」と表示される
      [31mFailure/Error: expect(page).to have_content 'New book'[0m
      [31m  expected to find text "New book" in "User info\nname khcv9ladyo introduction 54xbtkb0u83m5z1ecdfc\nNew Book\nTitle\nOpinion\nBooks\nTitle Opinion 5qomm 66ne07dmppq0lfsxt6vc edit destroy\nCopyRight Infratop.inc". (However, it was found 1 time using a case insensitive search.)[0m
      [36m# ./spec/system/02_after_login_spec.rb:333:in `block (4 levels) in <main>'[0m

  42) [STEP3] 仕上げのテスト サクセスメッセージのテスト ユーザ新規登録成功時
      [31mFailure/Error: is_expected.to have_content 'successfully'[0m
      [31m  expected to find text "successfully" in "User info\nname f6ulz4niv introduction\nNew Book\nTitle\nOpinion\nBooks\nTitle Opinion\nCopyRight Infratop.inc"[0m
      [36m# ./spec/system/03_finishing_touches_spec.rb:19:in `block (3 levels) in <main>'[0m

  43) [STEP3] 仕上げのテスト サクセスメッセージのテスト ユーザログイン成功時
      [31mFailure/Error: is_expected.to have_content 'successfully'[0m
      [31m  expected to find text "successfully" in "User info\nname 9i5fwqpe2o introduction jkqf566wtrk6n2e6ws2i\nNew Book\nTitle\nOpinion\nBooks\nTitle Opinion xd0n6 tng9eahd3oxbnizxs0sh edit destroy\nCopyRight Infratop.inc"[0m
      [36m# ./spec/system/03_finishing_touches_spec.rb:26:in `block (3 levels) in <main>'[0m

  44) [STEP3] 仕上げのテスト サクセスメッセージのテスト ユーザログアウト成功時
      [31mFailure/Error: logout_link = find_all('a')[4].native.inner_text[0m
      [31m[0m
      [31mNoMethodError:[0m
      [31m  undefined method `native' for nil:NilClass[0m
      [36m# ./spec/system/03_finishing_touches_spec.rb:33:in `block (3 levels) in <main>'[0m

  45) [STEP3] 仕上げのテスト サクセスメッセージのテスト ユーザのプロフィール情報更新成功時
      [31mFailure/Error: is_expected.to have_content 'successfully'[0m
      [31m  expected to find text "successfully" in "User info\nname wn6d2yyo8e introduction 2rbv63mmovjwpnbimj03\nNew Book\nTitle\nOpinion\nBooks\nTitle Opinion los23 rxpibxmsof72q8o8peb5 edit destroy\nCopyRight Infratop.inc"[0m
      [36m# ./spec/system/03_finishing_touches_spec.rb:45:in `block (3 levels) in <main>'[0m

  46) [STEP3] 仕上げのテスト サクセスメッセージのテスト 投稿データの新規投稿成功時: 投稿一覧画面から行います。
      [31mFailure/Error: is_expected.to have_content 'successfully'[0m
      [31m  expected to find text "successfully" in "User info\nname 0t6sen02fr introduction 79qxlpxgetmriudsq7ff\nNew Book\nTitle\nOpinion\nBooks\nTitle Opinion y4dyy sm0sx71vm902llh3di0h 7a4xp q624bjedq9c3hvbzsy13 oc5n7 b1oh245rxfv1hu21hzt9\nCopyRight Infratop.inc"[0m
      [36m# ./spec/system/03_finishing_touches_spec.rb:56:in `block (3 levels) in <main>'[0m

  47) [STEP3] 仕上げのテスト サクセスメッセージのテスト 投稿データの更新成功時
      [31mFailure/Error: is_expected.to have_content 'successfully'[0m
      [31m  expected to find text "successfully" in "User info\nname 9fgp11mu06 introduction 7a5p7gdcoplz04cwut7c\nNew Book\nTitle\nOpinion\nBooks detail\nTitle Opinion tme2r ttvdj54osdw1gzh5lvnk 7jfwn ncoiqwdkzrplwh2uhdbz\nCopyRight Infratop.inc"[0m
      [36m# ./spec/system/03_finishing_touches_spec.rb:65:in `block (3 levels) in <main>'[0m

  48) [STEP3] 仕上げのテスト 他人の画面のテスト 他人の投稿詳細画面のテスト 表示内容の確認 「Book detail」と表示される
      [31mFailure/Error: expect(page).to have_content 'Book detail'[0m
      [31m  expected to find text "Book detail" in "User info\nname 6qewuljbsi introduction 8rtx1gpf4sill9xxps6j\nNew Book\nTitle\nOpinion\nBooks detail\nTitle Opinion i40nw ll9nseqb8zvbjdr2jjxr u3jh2 m9ldqjm5tu1d85vh5rzp\nCopyRight Infratop.inc"[0m
      [36m# ./spec/system/03_finishing_touches_spec.rb:223:in `block (5 levels) in <main>'[0m

  49) [STEP3] 仕上げのテスト 他人の画面のテスト 他人の投稿詳細画面のテスト 表示内容の確認 ユーザ画像・名前のリンク先が正しい
      [31mFailure/Error: expect(page).to have_link other_book.user.name, href: user_path(other_book.user)[0m
      [31m  expected to find link "jpu17bi5zg" with href "/users/1" but there were no matches[0m
      [36m# ./spec/system/03_finishing_touches_spec.rb:226:in `block (5 levels) in <main>'[0m

  50) [STEP3] 仕上げのテスト 他人の画面のテスト 他人の投稿詳細画面のテスト サイドバーの確認 他人の名前と紹介文が表示される
      [31mFailure/Error: expect(page).to have_content other_user.name[0m
      [31m  expected to find text "adexgxwsjl" in "User info\nname pscke30dr5 introduction 0zk2aymc3y4sm2i9a9kb\nNew Book\nTitle\nOpinion\nBooks detail\nTitle Opinion ulkyx o5icx9hzzekbtt9zyhyy lwxzr i93ttc2iab6atrywt42u\nCopyRight Infratop.inc"[0m
      [36m# ./spec/system/03_finishing_touches_spec.rb:244:in `block (5 levels) in <main>'[0m

  51) [STEP3] 仕上げのテスト 他人の画面のテスト 他人の投稿詳細画面のテスト サイドバーの確認 他人のユーザ編集画面へのリンクが存在する
      [31mFailure/Error: expect(page).to have_link '', href: edit_user_path(other_user)[0m
      [31m  expected to find link "" with href "/users/1/edit" but there were no matches[0m
      [36m# ./spec/system/03_finishing_touches_spec.rb:248:in `block (5 levels) in <main>'[0m

  52) [STEP3] 仕上げのテスト 他人の画面のテスト 他人の投稿詳細画面のテスト サイドバーの確認 自分の名前と紹介文は表示されない
      [31mFailure/Error: expect(page).not_to have_content user.name[0m
      [31m  expected not to find text "0dnmg9ef10" in "User info\nname 0dnmg9ef10 introduction 491k2gl0hu2bt7tbcxuo\nNew Book\nTitle\nOpinion\nBooks detail\nTitle Opinion potlx avfr041j0n3w2jn0913r iq86q iymgmbijtqm4wt5g7o2s\nCopyRight Infratop.inc"[0m
      [36m# ./spec/system/03_finishing_touches_spec.rb:251:in `block (5 levels) in <main>'[0m

  53) [STEP3] 仕上げのテスト 他人の画面のテスト 他人の投稿詳細画面のテスト サイドバーの確認 自分のユーザ編集画面へのリンクは存在しない
      [31mFailure/Error: expect(page).not_to have_link '', href: edit_user_path(user)[0m
      [31m  expected not to find visible link "" with href "/users/2/edit", found 1 match: ""[0m
      [36m# ./spec/system/03_finishing_touches_spec.rb:255:in `block (5 levels) in <main>'[0m

  54) [STEP3] 仕上げのテスト 他人の画面のテスト 他人の投稿編集画面 遷移できず、投稿一覧画面にリダイレクトされる
      [31mFailure/Error: expect(current_path).to eq '/books'[0m
      [31m[0m
      [31m  expected: "/books"[0m
      [31m       got: "/books/2/edit"[0m
      [31m[0m
      [31m  (compared using ==)[0m
      [36m# ./spec/system/03_finishing_touches_spec.rb:263:in `block (4 levels) in <main>'[0m

  55) [STEP3] 仕上げのテスト 他人の画面のテスト 他人のユーザ詳細画面のテスト 表示の確認 投稿一覧のユーザ画像のリンク先が正しい
      [31mFailure/Error: expect(page).to have_link '', href: user_path(other_user)[0m
      [31m  expected to find link "" with href "/users/1" but there were no matches[0m
      [36m# ./spec/system/03_finishing_touches_spec.rb:277:in `block (5 levels) in <main>'[0m

  56) [STEP3] 仕上げのテスト 他人の画面のテスト 他人のユーザ詳細画面のテスト 表示の確認 投稿一覧に他人の投稿のtitleが表示され、リンクが正しい
      [31mFailure/Error: expect(page).to have_link other_book.title, href: book_path(other_book)[0m
      [31m  expected to find link "9mqm2" with href "/books/2" but there were no matches[0m
      [36m# ./spec/system/03_finishing_touches_spec.rb:280:in `block (5 levels) in <main>'[0m

  57) [STEP3] 仕上げのテスト 他人の画面のテスト 他人のユーザ情報編集画面 遷移できず、自分のユーザ詳細画面にリダイレクトされる
      [31mFailure/Error: expect(current_path).to eq '/users/' + user.id.to_s[0m
      [31m[0m
      [31m  expected: "/users/2"[0m
      [31m       got: "/users/1/edit"[0m
      [31m[0m
      [31m  (compared using ==)[0m
      [36m# ./spec/system/03_finishing_touches_spec.rb:312:in `block (4 levels) in <main>'[0m

  58) [STEP3] 仕上げのテスト グリッドシステムのテスト: container, row, col-md-〇を正しく使えている ユーザ一覧画面
      [31mFailure/Error: is_expected.to have_selector '.container .row .col-md-8.offset-md-1'[0m
      [31m  expected to find css ".container .row .col-md-8.offset-md-1" but there were no matches[0m
      [36m# ./spec/system/03_finishing_touches_spec.rb:330:in `block (3 levels) in <main>'[0m

  59) [STEP3] 仕上げのテスト グリッドシステムのテスト: container, row, col-md-〇を正しく使えている ユーザ詳細画面
      [31mFailure/Error: is_expected.to have_selector '.container .row .col-md-8.offset-md-1'[0m
      [31m  expected to find css ".container .row .col-md-8.offset-md-1" but there were no matches[0m
      [36m# ./spec/system/03_finishing_touches_spec.rb:335:in `block (3 levels) in <main>'[0m

  60) [STEP3] 仕上げのテスト グリッドシステムのテスト: container, row, col-md-〇を正しく使えている 投稿一覧画面
      [31mFailure/Error: is_expected.to have_selector '.container .row .col-md-8.offset-md-1'[0m
      [31m  expected to find css ".container .row .col-md-8.offset-md-1" but there were no matches[0m
      [36m# ./spec/system/03_finishing_touches_spec.rb:340:in `block (3 levels) in <main>'[0m

  61) [STEP3] 仕上げのテスト グリッドシステムのテスト: container, row, col-md-〇を正しく使えている 投稿詳細画面
      [31mFailure/Error: is_expected.to have_selector '.container .row .col-md-8.offset-md-1'[0m
      [31m  expected to find css ".container .row .col-md-8.offset-md-1" but there were no matches[0m
      [36m# ./spec/system/03_finishing_touches_spec.rb:345:in `block (3 levels) in <main>'[0m

  62) [STEP3] 仕上げのテスト アイコンのテスト アバウト画面 本のアイコンが表示される
      [31mFailure/Error: visit '/home/about'[0m
      [31m[0m
      [31mActionController::RoutingError:[0m
      [31m  uninitialized constant HomeController[0m
      [36m# /home/ec2-user/.rvm/gems/ruby-2.6.3/gems/warden-1.2.9/lib/warden/manager.rb:36:in `block in call'[0m
      [36m# /home/ec2-user/.rvm/gems/ruby-2.6.3/gems/warden-1.2.9/lib/warden/manager.rb:34:in `catch'[0m
      [36m# /home/ec2-user/.rvm/gems/ruby-2.6.3/gems/warden-1.2.9/lib/warden/manager.rb:34:in `call'[0m
      [36m# /home/ec2-user/.rvm/gems/ruby-2.6.3/gems/rack-2.2.3/lib/rack/tempfile_reaper.rb:15:in `call'[0m
      [36m# /home/ec2-user/.rvm/gems/ruby-2.6.3/gems/rack-2.2.3/lib/rack/etag.rb:27:in `call'[0m
      [36m# /home/ec2-user/.rvm/gems/ruby-2.6.3/gems/rack-2.2.3/lib/rack/conditional_get.rb:27:in `call'[0m
      [36m# /home/ec2-user/.rvm/gems/ruby-2.6.3/gems/rack-2.2.3/lib/rack/head.rb:12:in `call'[0m
      [36m# /home/ec2-user/.rvm/gems/ruby-2.6.3/gems/rack-2.2.3/lib/rack/session/abstract/id.rb:266:in `context'[0m
      [36m# /home/ec2-user/.rvm/gems/ruby-2.6.3/gems/rack-2.2.3/lib/rack/session/abstract/id.rb:260:in `call'[0m
      [36m# /home/ec2-user/.rvm/gems/ruby-2.6.3/gems/railties-5.2.6/lib/rails/rack/logger.rb:38:in `call_app'[0m
      [36m# /home/ec2-user/.rvm/gems/ruby-2.6.3/gems/railties-5.2.6/lib/rails/rack/logger.rb:26:in `block in call'[0m
      [36m# /home/ec2-user/.rvm/gems/ruby-2.6.3/gems/railties-5.2.6/lib/rails/rack/logger.rb:26:in `call'[0m
      [36m# /home/ec2-user/.rvm/gems/ruby-2.6.3/gems/rack-2.2.3/lib/rack/method_override.rb:24:in `call'[0m
      [36m# /home/ec2-user/.rvm/gems/ruby-2.6.3/gems/rack-2.2.3/lib/rack/runtime.rb:22:in `call'[0m
      [36m# /home/ec2-user/.rvm/gems/ruby-2.6.3/gems/rack-2.2.3/lib/rack/sendfile.rb:110:in `call'[0m
      [36m# /home/ec2-user/.rvm/gems/ruby-2.6.3/gems/railties-5.2.6/lib/rails/engine.rb:524:in `call'[0m
      [36m# /home/ec2-user/.rvm/gems/ruby-2.6.3/gems/rack-2.2.3/lib/rack/urlmap.rb:74:in `block in call'[0m
      [36m# /home/ec2-user/.rvm/gems/ruby-2.6.3/gems/rack-2.2.3/lib/rack/urlmap.rb:58:in `each'[0m
      [36m# /home/ec2-user/.rvm/gems/ruby-2.6.3/gems/rack-2.2.3/lib/rack/urlmap.rb:58:in `call'[0m
      [36m# /home/ec2-user/.rvm/gems/ruby-2.6.3/gems/rack-2.2.3/lib/rack/builder.rb:244:in `call'[0m
      [36m# /home/ec2-user/.rvm/gems/ruby-2.6.3/gems/rack-test-1.1.0/lib/rack/mock_session.rb:29:in `request'[0m
      [36m# /home/ec2-user/.rvm/gems/ruby-2.6.3/gems/rack-test-1.1.0/lib/rack/test.rb:266:in `process_request'[0m
      [36m# /home/ec2-user/.rvm/gems/ruby-2.6.3/gems/rack-test-1.1.0/lib/rack/test.rb:129:in `custom_request'[0m
      [36m# /home/ec2-user/.rvm/gems/ruby-2.6.3/gems/rack-test-1.1.0/lib/rack/test.rb:58:in `get'[0m
      [36m# /home/ec2-user/.rvm/gems/ruby-2.6.3/gems/capybara-3.35.3/lib/capybara/rack_test/browser.rb:72:in `process'[0m
      [36m# /home/ec2-user/.rvm/gems/ruby-2.6.3/gems/capybara-3.35.3/lib/capybara/rack_test/browser.rb:47:in `process_and_follow_redirects'[0m
      [36m# /home/ec2-user/.rvm/gems/ruby-2.6.3/gems/capybara-3.35.3/lib/capybara/rack_test/browser.rb:24:in `visit'[0m
      [36m# /home/ec2-user/.rvm/gems/ruby-2.6.3/gems/capybara-3.35.3/lib/capybara/rack_test/driver.rb:46:in `visit'[0m
      [36m# /home/ec2-user/.rvm/gems/ruby-2.6.3/gems/capybara-3.35.3/lib/capybara/session.rb:278:in `visit'[0m
      [36m# /home/ec2-user/.rvm/gems/ruby-2.6.3/gems/capybara-3.35.3/lib/capybara/dsl.rb:58:in `block (2 levels) in <module:DSL>'[0m
      [36m# ./spec/system/03_finishing_touches_spec.rb:366:in `block (4 levels) in <main>'[0m
      [36m# ------------------[0m
      [36m# --- Caused by: ---[0m
      [36m# NameError:[0m
      [36m#   uninitialized constant HomeController[0m
      [36m#   /home/ec2-user/.rvm/gems/ruby-2.6.3/gems/warden-1.2.9/lib/warden/manager.rb:36:in `block in call'[0m

  63) [STEP3] 仕上げのテスト アイコンのテスト ヘッダー: ログインしていない場合 Homeリンクのアイコンが表示される
      [31mFailure/Error: is_expected.to have_selector '.fas.fa-home'[0m
      [31m  expected to find visible css ".fas.fa-home" but there were no matches. Also found "", which matched the selector but not all filters. [0m
      [36m# ./spec/system/03_finishing_touches_spec.rb:382:in `block (4 levels) in <main>'[0m

  64) [STEP3] 仕上げのテスト アイコンのテスト ヘッダー: ログインしていない場合 Aboutリンクのアイコンが表示される
      [31mFailure/Error: is_expected.to have_selector '.fas.fa-link'[0m
      [31m  expected to find css ".fas.fa-link" but there were no matches[0m
      [36m# ./spec/system/03_finishing_touches_spec.rb:385:in `block (4 levels) in <main>'[0m

  65) [STEP3] 仕上げのテスト アイコンのテスト ヘッダー: ログインしていない場合 sign upリンクのアイコンが表示される
      [31mFailure/Error: is_expected.to have_selector '.fas.fa-user-plus'[0m
      [31m  expected to find css ".fas.fa-user-plus" but there were no matches[0m
      [36m# ./spec/system/03_finishing_touches_spec.rb:388:in `block (4 levels) in <main>'[0m

  66) [STEP3] 仕上げのテスト アイコンのテスト ヘッダー: ログインしていない場合 loginリンクのアイコンが表示される
      [31mFailure/Error: is_expected.to have_selector '.fas.fa-sign-in-alt'[0m
      [31m  expected to find visible css ".fas.fa-sign-in-alt" but there were no matches. Also found "", which matched the selector but not all filters. [0m
      [36m# ./spec/system/03_finishing_touches_spec.rb:391:in `block (4 levels) in <main>'[0m

  67) [STEP3] 仕上げのテスト アイコンのテスト ヘッダー: ログインしている場合 Homeリンクのアイコンが表示される
      [31mFailure/Error: is_expected.to have_selector '.fas.fa-home'[0m
      [31m  expected to find visible css ".fas.fa-home" but there were no matches. Also found "", which matched the selector but not all filters. [0m
      [36m# ./spec/system/03_finishing_touches_spec.rb:406:in `block (4 levels) in <main>'[0m

  68) [STEP3] 仕上げのテスト アイコンのテスト ヘッダー: ログインしている場合 Usersリンクのアイコンが表示される
      [31mFailure/Error: is_expected.to have_selector '.fas.fa-users'[0m
      [31m  expected to find visible css ".fas.fa-users" but there were no matches. Also found "", which matched the selector but not all filters. [0m
      [36m# ./spec/system/03_finishing_touches_spec.rb:409:in `block (4 levels) in <main>'[0m

  69) [STEP3] 仕上げのテスト アイコンのテスト ヘッダー: ログインしている場合 Booksリンクのアイコンが表示される
      [31mFailure/Error: is_expected.to have_selector '.fas.fa-book-open'[0m
      [31m  expected to find visible css ".fas.fa-book-open" but there were no matches. Also found "", which matched the selector but not all filters. [0m
      [36m# ./spec/system/03_finishing_touches_spec.rb:412:in `block (4 levels) in <main>'[0m

  70) [STEP3] 仕上げのテスト アイコンのテスト ヘッダー: ログインしている場合 log outリンクのアイコンが表示される
      [31mFailure/Error: is_expected.to have_selector '.fas.fa-sign-out-alt'[0m
      [31m  expected to find visible css ".fas.fa-sign-out-alt" but there were no matches. Also found "", which matched the selector but not all filters. [0m
      [36m# ./spec/system/03_finishing_touches_spec.rb:415:in `block (4 levels) in <main>'[0m

Finished in 16.48 seconds (files took 1.37 seconds to load)
[31m197 examples, 70 failures[0m

Failed examples:

[31mrspec ./spec/system/01_before_login_spec.rb:13[0m [36m# [STEP1] ユーザログイン前のテスト トップ画面のテスト 表示内容の確認 Log inリンクが表示される: 左上から5番目のリンクが「Log in」である[0m
[31mrspec ./spec/system/01_before_login_spec.rb:17[0m [36m# [STEP1] ユーザログイン前のテスト トップ画面のテスト 表示内容の確認 Log inリンクの内容が正しい[0m
[31mrspec ./spec/system/01_before_login_spec.rb:21[0m [36m# [STEP1] ユーザログイン前のテスト トップ画面のテスト 表示内容の確認 Sign Upリンクが表示される: 左上から6番目のリンクが「Sign Up」である[0m
[31mrspec ./spec/system/01_before_login_spec.rb:25[0m [36m# [STEP1] ユーザログイン前のテスト トップ画面のテスト 表示内容の確認 Sign Upリンクの内容が正しい[0m
[31mrspec ./spec/system/01_before_login_spec.rb:38[0m [36m# [STEP1] ユーザログイン前のテスト アバウト画面のテスト 表示内容の確認 URLが正しい[0m
[31mrspec ./spec/system/01_before_login_spec.rb:53[0m [36m# [STEP1] ユーザログイン前のテスト ヘッダーのテスト: ログインしていない場合 表示内容の確認 Homeリンクが表示される: 左上から1番目のリンクが「Home」である[0m
[31mrspec ./spec/system/01_before_login_spec.rb:57[0m [36m# [STEP1] ユーザログイン前のテスト ヘッダーのテスト: ログインしていない場合 表示内容の確認 Aboutリンクが表示される: 左上から2番目のリンクが「About」である[0m
[31mrspec ./spec/system/01_before_login_spec.rb:61[0m [36m# [STEP1] ユーザログイン前のテスト ヘッダーのテスト: ログインしていない場合 表示内容の確認 sign upリンクが表示される: 左上から3番目のリンクが「sign up」である[0m
[31mrspec ./spec/system/01_before_login_spec.rb:65[0m [36m# [STEP1] ユーザログイン前のテスト ヘッダーのテスト: ログインしていない場合 表示内容の確認 loginリンクが表示される: 左上から4番目のリンクが「login」である[0m
[31mrspec ./spec/system/01_before_login_spec.rb:74[0m [36m# [STEP1] ユーザログイン前のテスト ヘッダーのテスト: ログインしていない場合 リンクの内容を確認 Homeを押すと、トップ画面に遷移する[0m
[31mrspec ./spec/system/01_before_login_spec.rb:81[0m [36m# [STEP1] ユーザログイン前のテスト ヘッダーのテスト: ログインしていない場合 リンクの内容を確認 Aboutを押すと、アバウト画面に遷移する[0m
[31mrspec ./spec/system/01_before_login_spec.rb:87[0m [36m# [STEP1] ユーザログイン前のテスト ヘッダーのテスト: ログインしていない場合 リンクの内容を確認 sign upを押すと、新規登録画面に遷移する[0m
[31mrspec ./spec/system/01_before_login_spec.rb:93[0m [36m# [STEP1] ユーザログイン前のテスト ヘッダーのテスト: ログインしていない場合 リンクの内容を確認 loginを押すと、ログイン画面に遷移する[0m
[31mrspec ./spec/system/01_before_login_spec.rb:213[0m [36m# [STEP1] ユーザログイン前のテスト ヘッダーのテスト: ログインしている場合 ヘッダーの表示を確認 タイトルが表示される[0m
[31mrspec ./spec/system/01_before_login_spec.rb:216[0m [36m# [STEP1] ユーザログイン前のテスト ヘッダーのテスト: ログインしている場合 ヘッダーの表示を確認 Homeリンクが表示される: 左上から1番目のリンクが「Home」である[0m
[31mrspec ./spec/system/01_before_login_spec.rb:220[0m [36m# [STEP1] ユーザログイン前のテスト ヘッダーのテスト: ログインしている場合 ヘッダーの表示を確認 Usersリンクが表示される: 左上から2番目のリンクが「Users」である[0m
[31mrspec ./spec/system/01_before_login_spec.rb:224[0m [36m# [STEP1] ユーザログイン前のテスト ヘッダーのテスト: ログインしている場合 ヘッダーの表示を確認 Booksリンクが表示される: 左上から3番目のリンクが「Books」である[0m
[31mrspec ./spec/system/01_before_login_spec.rb:228[0m [36m# [STEP1] ユーザログイン前のテスト ヘッダーのテスト: ログインしている場合 ヘッダーの表示を確認 log outリンクが表示される: 左上から4番目のリンクが「logout」である[0m
[31mrspec ./spec/system/01_before_login_spec.rb:249[0m [36m# [STEP1] ユーザログイン前のテスト ユーザログアウトのテスト ログアウト機能のテスト 正しくログアウトできている: ログアウト後のリダイレクト先においてAbout画面へのリンクが存在する[0m
[31mrspec ./spec/system/01_before_login_spec.rb:252[0m [36m# [STEP1] ユーザログイン前のテスト ユーザログアウトのテスト ログアウト機能のテスト ログアウト後のリダイレクト先が、トップになっている[0m
[31mrspec ./spec/system/02_after_login_spec.rb:20[0m [36m# [STEP2] ユーザログイン後のテスト ヘッダーのテスト: ログインしている場合 リンクの内容を確認: ※logoutは『ユーザログアウトのテスト』でテスト済みになります。 Homeを押すと、自分のユーザ詳細画面に遷移する[0m
[31mrspec ./spec/system/02_after_login_spec.rb:26[0m [36m# [STEP2] ユーザログイン後のテスト ヘッダーのテスト: ログインしている場合 リンクの内容を確認: ※logoutは『ユーザログアウトのテスト』でテスト済みになります。 Usersを押すと、ユーザ一覧画面に遷移する[0m
[31mrspec ./spec/system/02_after_login_spec.rb:50[0m [36m# [STEP2] ユーザログイン後のテスト 投稿一覧画面のテスト 表示内容の確認 自分と他人の画像のリンク先が正しい[0m
[31mrspec ./spec/system/02_after_login_spec.rb:54[0m [36m# [STEP2] ユーザログイン後のテスト 投稿一覧画面のテスト 表示内容の確認 自分の投稿と他人の投稿のタイトルのリンク先がそれぞれ正しい[0m
[31mrspec ./spec/system/02_after_login_spec.rb:72[0m [36m# [STEP2] ユーザログイン後のテスト 投稿一覧画面のテスト サイドバーの確認 「New book」と表示される[0m
[31mrspec ./spec/system/02_after_login_spec.rb:101[0m [36m# [STEP2] ユーザログイン後のテスト 投稿一覧画面のテスト 投稿成功のテスト リダイレクト先が、保存できた投稿の詳細画面になっている[0m
[31mrspec ./spec/system/02_after_login_spec.rb:117[0m [36m# [STEP2] ユーザログイン後のテスト 自分の投稿詳細画面のテスト 表示内容の確認 「Book detail」と表示される[0m
[31mrspec ./spec/system/02_after_login_spec.rb:120[0m [36m# [STEP2] ユーザログイン後のテスト 自分の投稿詳細画面のテスト 表示内容の確認 ユーザ画像・名前のリンク先が正しい[0m
[31mrspec ./spec/system/02_after_login_spec.rb:129[0m [36m# [STEP2] ユーザログイン後のテスト 自分の投稿詳細画面のテスト 表示内容の確認 投稿の編集リンクが表示される[0m
[31mrspec ./spec/system/02_after_login_spec.rb:132[0m [36m# [STEP2] ユーザログイン後のテスト 自分の投稿詳細画面のテスト 表示内容の確認 投稿の削除リンクが表示される[0m
[31mrspec ./spec/system/02_after_login_spec.rb:145[0m [36m# [STEP2] ユーザログイン後のテスト 自分の投稿詳細画面のテスト サイドバーの確認 「New book」と表示される[0m
[31mrspec ./spec/system/02_after_login_spec.rb:177[0m [36m# [STEP2] ユーザログイン後のテスト 自分の投稿詳細画面のテスト 編集リンクのテスト 編集画面に遷移する[0m
[31mrspec ./spec/system/02_after_login_spec.rb:188[0m [36m# [STEP2] ユーザログイン後のテスト 自分の投稿詳細画面のテスト 削除リンクのテスト 正しく削除される[0m
[31mrspec ./spec/system/02_after_login_spec.rb:191[0m [36m# [STEP2] ユーザログイン後のテスト 自分の投稿詳細画面のテスト 削除リンクのテスト リダイレクト先が、投稿一覧画面になっている[0m
[31mrspec ./spec/system/02_after_login_spec.rb:221[0m [36m# [STEP2] ユーザログイン後のテスト 自分の投稿編集画面のテスト 表示の確認 Backリンクが表示される[0m
[31mrspec ./spec/system/02_after_login_spec.rb:241[0m [36m# [STEP2] ユーザログイン後のテスト 自分の投稿編集画面のテスト 編集成功のテスト リダイレクト先が、更新した投稿の詳細画面になっている[0m
[31mrspec ./spec/system/02_after_login_spec.rb:264[0m [36m# [STEP2] ユーザログイン後のテスト ユーザ一覧画面のテスト 表示内容の確認 自分と他人のshowリンクがそれぞれ表示される[0m
[31mrspec ./spec/system/02_after_login_spec.rb:278[0m [36m# [STEP2] ユーザログイン後のテスト ユーザ一覧画面のテスト サイドバーの確認 「New book」と表示される[0m
[31mrspec ./spec/system/02_after_login_spec.rb:308[0m [36m# [STEP2] ユーザログイン後のテスト 自分のユーザ詳細画面のテスト 表示の確認 投稿一覧のユーザ画像のリンク先が正しい[0m
[31mrspec ./spec/system/02_after_login_spec.rb:311[0m [36m# [STEP2] ユーザログイン後のテスト 自分のユーザ詳細画面のテスト 表示の確認 投稿一覧に自分の投稿のtitleが表示され、リンクが正しい[0m
[31mrspec ./spec/system/02_after_login_spec.rb:332[0m [36m# [STEP2] ユーザログイン後のテスト 自分のユーザ詳細画面のテスト サイドバーの確認 「New book」と表示される[0m
[31mrspec ./spec/system/03_finishing_touches_spec.rb:12[0m [36m# [STEP3] 仕上げのテスト サクセスメッセージのテスト ユーザ新規登録成功時[0m
[31mrspec ./spec/system/03_finishing_touches_spec.rb:21[0m [36m# [STEP3] 仕上げのテスト サクセスメッセージのテスト ユーザログイン成功時[0m
[31mrspec ./spec/system/03_finishing_touches_spec.rb:28[0m [36m# [STEP3] 仕上げのテスト サクセスメッセージのテスト ユーザログアウト成功時[0m
[31mrspec ./spec/system/03_finishing_touches_spec.rb:38[0m [36m# [STEP3] 仕上げのテスト サクセスメッセージのテスト ユーザのプロフィール情報更新成功時[0m
[31mrspec ./spec/system/03_finishing_touches_spec.rb:47[0m [36m# [STEP3] 仕上げのテスト サクセスメッセージのテスト 投稿データの新規投稿成功時: 投稿一覧画面から行います。[0m
[31mrspec ./spec/system/03_finishing_touches_spec.rb:58[0m [36m# [STEP3] 仕上げのテスト サクセスメッセージのテスト 投稿データの更新成功時[0m
[31mrspec ./spec/system/03_finishing_touches_spec.rb:222[0m [36m# [STEP3] 仕上げのテスト 他人の画面のテスト 他人の投稿詳細画面のテスト 表示内容の確認 「Book detail」と表示される[0m
[31mrspec ./spec/system/03_finishing_touches_spec.rb:225[0m [36m# [STEP3] 仕上げのテスト 他人の画面のテスト 他人の投稿詳細画面のテスト 表示内容の確認 ユーザ画像・名前のリンク先が正しい[0m
[31mrspec ./spec/system/03_finishing_touches_spec.rb:243[0m [36m# [STEP3] 仕上げのテスト 他人の画面のテスト 他人の投稿詳細画面のテスト サイドバーの確認 他人の名前と紹介文が表示される[0m
[31mrspec ./spec/system/03_finishing_touches_spec.rb:247[0m [36m# [STEP3] 仕上げのテスト 他人の画面のテスト 他人の投稿詳細画面のテスト サイドバーの確認 他人のユーザ編集画面へのリンクが存在する[0m
[31mrspec ./spec/system/03_finishing_touches_spec.rb:250[0m [36m# [STEP3] 仕上げのテスト 他人の画面のテスト 他人の投稿詳細画面のテスト サイドバーの確認 自分の名前と紹介文は表示されない[0m
[31mrspec ./spec/system/03_finishing_touches_spec.rb:254[0m [36m# [STEP3] 仕上げのテスト 他人の画面のテスト 他人の投稿詳細画面のテスト サイドバーの確認 自分のユーザ編集画面へのリンクは存在しない[0m
[31mrspec ./spec/system/03_finishing_touches_spec.rb:261[0m [36m# [STEP3] 仕上げのテスト 他人の画面のテスト 他人の投稿編集画面 遷移できず、投稿一覧画面にリダイレクトされる[0m
[31mrspec ./spec/system/03_finishing_touches_spec.rb:276[0m [36m# [STEP3] 仕上げのテスト 他人の画面のテスト 他人のユーザ詳細画面のテスト 表示の確認 投稿一覧のユーザ画像のリンク先が正しい[0m
[31mrspec ./spec/system/03_finishing_touches_spec.rb:279[0m [36m# [STEP3] 仕上げのテスト 他人の画面のテスト 他人のユーザ詳細画面のテスト 表示の確認 投稿一覧に他人の投稿のtitleが表示され、リンクが正しい[0m
[31mrspec ./spec/system/03_finishing_touches_spec.rb:310[0m [36m# [STEP3] 仕上げのテスト 他人の画面のテスト 他人のユーザ情報編集画面 遷移できず、自分のユーザ詳細画面にリダイレクトされる[0m
[31mrspec ./spec/system/03_finishing_touches_spec.rb:327[0m [36m# [STEP3] 仕上げのテスト グリッドシステムのテスト: container, row, col-md-〇を正しく使えている ユーザ一覧画面[0m
[31mrspec ./spec/system/03_finishing_touches_spec.rb:332[0m [36m# [STEP3] 仕上げのテスト グリッドシステムのテスト: container, row, col-md-〇を正しく使えている ユーザ詳細画面[0m
[31mrspec ./spec/system/03_finishing_touches_spec.rb:337[0m [36m# [STEP3] 仕上げのテスト グリッドシステムのテスト: container, row, col-md-〇を正しく使えている 投稿一覧画面[0m
[31mrspec ./spec/system/03_finishing_touches_spec.rb:342[0m [36m# [STEP3] 仕上げのテスト グリッドシステムのテスト: container, row, col-md-〇を正しく使えている 投稿詳細画面[0m
[31mrspec ./spec/system/03_finishing_touches_spec.rb:369[0m [36m# [STEP3] 仕上げのテスト アイコンのテスト アバウト画面 本のアイコンが表示される[0m
[31mrspec ./spec/system/03_finishing_touches_spec.rb:381[0m [36m# [STEP3] 仕上げのテスト アイコンのテスト ヘッダー: ログインしていない場合 Homeリンクのアイコンが表示される[0m
[31mrspec ./spec/system/03_finishing_touches_spec.rb:384[0m [36m# [STEP3] 仕上げのテスト アイコンのテスト ヘッダー: ログインしていない場合 Aboutリンクのアイコンが表示される[0m
[31mrspec ./spec/system/03_finishing_touches_spec.rb:387[0m [36m# [STEP3] 仕上げのテスト アイコンのテスト ヘッダー: ログインしていない場合 sign upリンクのアイコンが表示される[0m
[31mrspec ./spec/system/03_finishing_touches_spec.rb:390[0m [36m# [STEP3] 仕上げのテスト アイコンのテスト ヘッダー: ログインしていない場合 loginリンクのアイコンが表示される[0m
[31mrspec ./spec/system/03_finishing_touches_spec.rb:405[0m [36m# [STEP3] 仕上げのテスト アイコンのテスト ヘッダー: ログインしている場合 Homeリンクのアイコンが表示される[0m
[31mrspec ./spec/system/03_finishing_touches_spec.rb:408[0m [36m# [STEP3] 仕上げのテスト アイコンのテスト ヘッダー: ログインしている場合 Usersリンクのアイコンが表示される[0m
[31mrspec ./spec/system/03_finishing_touches_spec.rb:411[0m [36m# [STEP3] 仕上げのテスト アイコンのテスト ヘッダー: ログインしている場合 Booksリンクのアイコンが表示される[0m
[31mrspec ./spec/system/03_finishing_touches_spec.rb:414[0m [36m# [STEP3] 仕上げのテスト アイコンのテスト ヘッダー: ログインしている場合 log outリンクのアイコンが表示される[0m

